 2021-12-20 20-47-58 
                                     
Error code: Exception. 
                                     
Error message: Page not found,  
                                     
in file: C:\xampp\htdocs\mvc-framework\app\core\Router.php, on line: C:\xampp\htdocs\mvc-framework\app\core\Router.php 
                                     
<----------------------------------------------------------------------->
 2021-12-20 20-49-55 
                                     
Error code: Exception. 
                                     
Error message: Page not found,  
                                     
in file: C:\xampp\htdocs\mvc-framework\app\core\Router.php, on line: C:\xampp\htdocs\mvc-framework\app\core\Router.php 
                                     
<----------------------------------------------------------------------->
 2021-12-20 21-50-32 
                                     
Error code: 2. 
                                     
Error message: Undefined array key "",  
                                     
in file: C:\xampp\htdocs\mvc-framework\app\core\Model.php, on line: 22 
                                     
<----------------------------------------------------------------------->
 2021-12-20 21-53-58 
                                     
Error code: 2. 
                                     
Error message: Undefined array key "",  
                                     
in file: C:\xampp\htdocs\mvc-framework\app\core\Model.php, on line: 22 
                                     
<----------------------------------------------------------------------->
 2021-12-20 22-26-18 
                                     
Error code: 8192. 
                                     
Error message: Required parameter $min follows optional parameter $str,  
                                     
in file: C:\xampp\htdocs\mvc-framework\app\core\Model.php, on line: 56 
                                     
<----------------------------------------------------------------------->
